<?xml version="1.0" encoding="UTF-8"?>
<!-- Generated by org.testng.reporters.JUnitReportReporter -->
<testsuite skipped="0" hostname="DESKTOP-79QFOE9" name="com.mobiotics.Test.SignUpTest" tests="1" failures="0" timestamp="15 Apr 2020 05:56:52 GMT" time="42.412" errors="0">
  <testcase name="lookuppage_signUp" time="42.412" classname="com.mobiotics.Test.SignUpTest"/>
</testsuite> <!-- com.mobiotics.Test.SignUpTest -->
