<?xml version="1.0" encoding="UTF-8"?>
<!-- Generated by org.testng.reporters.JUnitReportReporter -->
<testsuite skipped="0" hostname="DESKTOP-79QFOE9" name="com.mobiotics.Test.LogOutTest" tests="1" failures="0" timestamp="15 Apr 2020 05:56:52 GMT" time="14.971" errors="0">
  <testcase name="logout" time="14.971" classname="com.mobiotics.Test.LogOutTest"/>
</testsuite> <!-- com.mobiotics.Test.LogOutTest -->
